<?xml version="1.0" encoding="UTF-8"?>
<!-- Generated by org.testng.reporters.JUnitXMLReporter -->
<testsuite hostname="360NDCPC015" ignored="112" name="Default test" tests="1" failures="0" timestamp="24 Dec 2018 11:13:23 GMT" time="52.063" errors="0">
  <testcase name="followingRefinedOptionsUnderAdvancedSearchPage" time="47.445" classname="com.trader.scripts.AdvancedSearchPage"/>
  <testcase name="byTypeLinkWorkingAtSaleByStatePage" time="0.0" classname="com.trader.scripts.AdvancedSearchPage">
    <ignored/>
  </testcase> <!-- byTypeLinkWorkingAtSaleByStatePage -->
  <testcase name="assertOutTheDoorTaglineAtListingDetailsPage" time="0.0" classname="com.trader.scripts.AdvancedSearchPage">
    <ignored/>
  </testcase> <!-- assertOutTheDoorTaglineAtListingDetailsPage -->
  <testcase name="assertOBOTaglineAtListingDetailsPage" time="0.0" classname="com.trader.scripts.AdvancedSearchPage">
    <ignored/>
  </testcase> <!-- assertOBOTaglineAtListingDetailsPage -->
  <testcase name="assertListingResultAfterClickingOnViewNewButton" time="0.0" classname="com.trader.scripts.AdvancedSearchPage">
    <ignored/>
  </testcase> <!-- assertListingResultAfterClickingOnViewNewButton -->
  <testcase name="selectCityAndAssertListingCountAtResultPage" time="0.0" classname="com.trader.scripts.AdvancedSearchPage">
    <ignored/>
  </testcase> <!-- selectCityAndAssertListingCountAtResultPage -->
  <testcase name="findByTypeButtonRedirectionAndAssertResultPage" time="0.0" classname="com.trader.scripts.AdvancedSearchPage">
    <ignored/>
  </testcase> <!-- findByTypeButtonRedirectionAndAssertResultPage -->
  <testcase name="assertPrivateSellerAddressAtListingDetailsPage" time="0.0" classname="com.trader.scripts.AdvancedSearchPage">
    <ignored/>
  </testcase> <!-- assertPrivateSellerAddressAtListingDetailsPage -->
  <testcase name="assertDealerAddressAndWhatIsMyTraderWorthButtonAtListingDetailsPage" time="0.0" classname="com.trader.scripts.AdvancedSearchPage">
    <ignored/>
  </testcase> <!-- assertDealerAddressAndWhatIsMyTraderWorthButtonAtListingDetailsPage -->
  <testcase name="byTypeLinkWorkingAndAssertResultPage" time="0.0" classname="com.trader.scripts.AdvancedSearchPage">
    <ignored/>
  </testcase> <!-- byTypeLinkWorkingAndAssertResultPage -->
  <testcase name="byMakeLinkWorkingAtSalebyTypePage" time="0.0" classname="com.trader.scripts.AdvancedSearchPage">
    <ignored/>
  </testcase> <!-- byMakeLinkWorkingAtSalebyTypePage -->
  <testcase name="saveThisListingTabHighlightedAfterSavedListing" time="0.0" classname="com.trader.scripts.AdvancedSearchPage">
    <ignored/>
  </testcase> <!-- saveThisListingTabHighlightedAfterSavedListing -->
  <testcase name="byStateLinkWorkingAtSalebyTypePage" time="0.0" classname="com.trader.scripts.AdvancedSearchPage">
    <ignored/>
  </testcase> <!-- byStateLinkWorkingAtSalebyTypePage -->
  <testcase name="cancelTheCallPopUp" time="0.0" classname="com.trader.scripts.AdvancedSearchPage">
    <ignored/>
  </testcase> <!-- cancelTheCallPopUp -->
  <testcase name="assertFinancingTaglineAtListingDetailsPage" time="0.0" classname="com.trader.scripts.AdvancedSearchPage">
    <ignored/>
  </testcase> <!-- assertFinancingTaglineAtListingDetailsPage -->
  <testcase name="selectCategoryOptionsAndAssertListingCountAtResultPage" time="0.0" classname="com.trader.scripts.AdvancedSearchPage">
    <ignored/>
  </testcase> <!-- selectCategoryOptionsAndAssertListingCountAtResultPage -->
  <testcase name="assertFindByMakeTypeAndStateButton" time="0.0" classname="com.trader.scripts.AdvancedSearchPage">
    <ignored/>
  </testcase> <!-- assertFindByMakeTypeAndStateButton -->
  <testcase name="assertListingSavedAfterClickingOnSaveThisListingTab" time="0.0" classname="com.trader.scripts.AdvancedSearchPage">
    <ignored/>
  </testcase> <!-- assertListingSavedAfterClickingOnSaveThisListingTab -->
  <testcase name="acceptTheCallPopUp" time="0.0" classname="com.trader.scripts.AdvancedSearchPage">
    <ignored/>
  </testcase> <!-- acceptTheCallPopUp -->
  <testcase name="assertReducedTaglineAtListingDetailsPage" time="0.0" classname="com.trader.scripts.AdvancedSearchPage">
    <ignored/>
  </testcase> <!-- assertReducedTaglineAtListingDetailsPage -->
  <testcase name="assertResultPageWhenClickingOnAnyTrimLinkAtMakesDetailsPage" time="0.0" classname="com.trader.scripts.AdvancedSearchPage">
    <ignored/>
  </testcase> <!-- assertResultPageWhenClickingOnAnyTrimLinkAtMakesDetailsPage -->
  <testcase name="findByStateButtonRedirectionAndAssertResultPage" time="0.0" classname="com.trader.scripts.AdvancedSearchPage">
    <ignored/>
  </testcase> <!-- findByStateButtonRedirectionAndAssertResultPage -->
  <testcase name="userAbleToSendEmailToFriendFromListingDetailsPage" time="0.0" classname="com.trader.scripts.AdvancedSearchPage">
    <ignored/>
  </testcase> <!-- userAbleToSendEmailToFriendFromListingDetailsPage -->
  <testcase name="searchWithLocationAndAssertLocationDetails" time="0.0" classname="com.trader.scripts.AdvancedSearchPage">
    <ignored/>
  </testcase> <!-- searchWithLocationAndAssertLocationDetails -->
  <testcase name="assertVideoWindowAfterClickingOnWatchVideoAtListingDetailsPage" time="0.0" classname="com.trader.scripts.AdvancedSearchPage">
    <ignored/>
  </testcase> <!-- assertVideoWindowAfterClickingOnWatchVideoAtListingDetailsPage -->
  <testcase name="assertLinksAndButtonAtDetailsPage" time="0.0" classname="com.trader.scripts.AdvancedSearchPage">
    <ignored/>
  </testcase> <!-- assertLinksAndButtonAtDetailsPage -->
  <testcase name="assertDetailsFromSellerSectionAtListingDetailsPage" time="0.0" classname="com.trader.scripts.AdvancedSearchPage">
    <ignored/>
  </testcase> <!-- assertDetailsFromSellerSectionAtListingDetailsPage -->
  <testcase name="assertTypesResultPageAfterClickingOnTypesIcon" time="0.0" classname="com.trader.scripts.AdvancedSearchPage">
    <ignored/>
  </testcase> <!-- assertTypesResultPageAfterClickingOnTypesIcon -->
  <testcase name="assertResultPageafterClickingOnBrowseAllTypesIcon" time="0.0" classname="com.trader.scripts.AdvancedSearchPage">
    <ignored/>
  </testcase> <!-- assertResultPageafterClickingOnBrowseAllTypesIcon -->
  <testcase name="assertTestingTaglineAtListingDetailsPage" time="0.0" classname="com.trader.scripts.AdvancedSearchPage">
    <ignored/>
  </testcase> <!-- assertTestingTaglineAtListingDetailsPage -->
  <testcase name="dealerLogoAtListingDetailsPage" time="0.0" classname="com.trader.scripts.AdvancedSearchPage">
    <ignored/>
  </testcase> <!-- dealerLogoAtListingDetailsPage -->
  <testcase name="assertNewOptionSelectedUnderRefineSectionAfterClickOnViewNewButton" time="0.0" classname="com.trader.scripts.AdvancedSearchPage">
    <ignored/>
  </testcase> <!-- assertNewOptionSelectedUnderRefineSectionAfterClickOnViewNewButton -->
  <testcase name="assertAllMakesSectionExpandedWhenClickOnViewAllButton" time="0.0" classname="com.trader.scripts.AdvancedSearchPage">
    <ignored/>
  </testcase> <!-- assertAllMakesSectionExpandedWhenClickOnViewAllButton -->
  <testcase name="assertAllResourcesLinksAtListingDetailsPage" time="0.0" classname="com.trader.scripts.AdvancedSearchPage">
    <ignored/>
  </testcase> <!-- assertAllResourcesLinksAtListingDetailsPage -->
  <testcase name="savedIconHighlightedAfterSavedListing" time="0.0" classname="com.trader.scripts.AdvancedSearchPage">
    <ignored/>
  </testcase> <!-- savedIconHighlightedAfterSavedListing -->
  <testcase name="assertViewAllTrimButtonChangedToHideAllButtonAfterClicking" time="0.0" classname="com.trader.scripts.AdvancedSearchPage">
    <ignored/>
  </testcase> <!-- assertViewAllTrimButtonChangedToHideAllButtonAfterClicking -->
  <testcase name="locationOptionClickableUnderAdvancedSearchPage" time="0.0" classname="com.trader.scripts.AdvancedSearchPage">
    <ignored/>
  </testcase> <!-- locationOptionClickableUnderAdvancedSearchPage -->
  <testcase name="assertRequestPriceButtonAtListingDetailsPage" time="0.0" classname="com.trader.scripts.AdvancedSearchPage">
    <ignored/>
  </testcase> <!-- assertRequestPriceButtonAtListingDetailsPage -->
  <testcase name="selectModelOptionsAndAssertListingCountAtResultPage" time="0.0" classname="com.trader.scripts.AdvancedSearchPage">
    <ignored/>
  </testcase> <!-- selectModelOptionsAndAssertListingCountAtResultPage -->
  <testcase name="selectYearOptionsAndAssertListingCountAtResultPage" time="0.0" classname="com.trader.scripts.AdvancedSearchPage">
    <ignored/>
  </testcase> <!-- selectYearOptionsAndAssertListingCountAtResultPage -->
  <testcase name="byStateLinkWorkingAndAssertResultPage" time="0.0" classname="com.trader.scripts.AdvancedSearchPage">
    <ignored/>
  </testcase> <!-- byStateLinkWorkingAndAssertResultPage -->
  <testcase name="assertSaveTagLineAtListingDetailsPage" time="0.0" classname="com.trader.scripts.AdvancedSearchPage">
    <ignored/>
  </testcase> <!-- assertSaveTagLineAtListingDetailsPage -->
  <testcase name="findCycleTraderDealerLinkWorkingAndAssertResultPage" time="0.0" classname="com.trader.scripts.AdvancedSearchPage">
    <ignored/>
  </testcase> <!-- findCycleTraderDealerLinkWorkingAndAssertResultPage -->
  <testcase name="assertAllMakesIcons" time="0.0" classname="com.trader.scripts.AdvancedSearchPage">
    <ignored/>
  </testcase> <!-- assertAllMakesIcons -->
  <testcase name="assertAdvancedSearchButtonAtSaleByTypePage" time="0.0" classname="com.trader.scripts.AdvancedSearchPage">
    <ignored/>
  </testcase> <!-- assertAdvancedSearchButtonAtSaleByTypePage -->
  <testcase name="followingFindByLinksUnderAdvancedSearchSection" time="0.0" classname="com.trader.scripts.AdvancedSearchPage">
    <ignored/>
  </testcase> <!-- followingFindByLinksUnderAdvancedSearchSection -->
  <testcase name="assertAdvancedSearchButtonAtSaleByMakePage" time="0.0" classname="com.trader.scripts.AdvancedSearchPage">
    <ignored/>
  </testcase> <!-- assertAdvancedSearchButtonAtSaleByMakePage -->
  <testcase name="ableToSaveListingAtListingDetailsPage" time="0.0" classname="com.trader.scripts.AdvancedSearchPage">
    <ignored/>
  </testcase> <!-- ableToSaveListingAtListingDetailsPage -->
  <testcase name="allMakeLinksRedirectionAtSaleByMakePage" time="0.0" classname="com.trader.scripts.AdvancedSearchPage">
    <ignored/>
  </testcase> <!-- allMakeLinksRedirectionAtSaleByMakePage -->
  <testcase name="assertViewAllNewAndUsedButtonAtMotorcycleForSalePage" time="0.0" classname="com.trader.scripts.AdvancedSearchPage">
    <ignored/>
  </testcase> <!-- assertViewAllNewAndUsedButtonAtMotorcycleForSalePage -->
  <testcase name="byMakeLinkWorkingAtSaleByStatePage" time="0.0" classname="com.trader.scripts.AdvancedSearchPage">
    <ignored/>
  </testcase> <!-- byMakeLinkWorkingAtSaleByStatePage -->
  <testcase name="assertUsedOptionSelectedUnderRefineSectionAfterClickOnViewUsedButton" time="0.0" classname="com.trader.scripts.AdvancedSearchPage">
    <ignored/>
  </testcase> <!-- assertUsedOptionSelectedUnderRefineSectionAfterClickOnViewUsedButton -->
  <testcase name="makeLinksWorkingAtMotorcycleForSalePage" time="0.0" classname="com.trader.scripts.AdvancedSearchPage">
    <ignored/>
  </testcase> <!-- makeLinksWorkingAtMotorcycleForSalePage -->
  <testcase name="assertShareIconsLinkAtListingDetailsPage" time="0.0" classname="com.trader.scripts.AdvancedSearchPage">
    <ignored/>
  </testcase> <!-- assertShareIconsLinkAtListingDetailsPage -->
  <testcase name="allMakesLinksWorkingUnderFindByMakeSection" time="0.0" classname="com.trader.scripts.AdvancedSearchPage">
    <ignored/>
  </testcase> <!-- allMakesLinksWorkingUnderFindByMakeSection -->
  <testcase name="assertRefineSearchOptionAfterClickingOnTrimLink" time="0.0" classname="com.trader.scripts.AdvancedSearchPage">
    <ignored/>
  </testcase> <!-- assertRefineSearchOptionAfterClickingOnTrimLink -->
  <testcase name="allMakesIconsRedirectionAndAssertResultPage" time="0.0" classname="com.trader.scripts.AdvancedSearchPage">
    <ignored/>
  </testcase> <!-- allMakesIconsRedirectionAndAssertResultPage -->
  <testcase name="selectTrimOptionsAndAssertListingCountAtResultPage" time="0.0" classname="com.trader.scripts.AdvancedSearchPage">
    <ignored/>
  </testcase> <!-- selectTrimOptionsAndAssertListingCountAtResultPage -->
  <testcase name="assertCategoryRefineOptionSelectedAfterClickingOnTypeIcon" time="0.0" classname="com.trader.scripts.AdvancedSearchPage">
    <ignored/>
  </testcase> <!-- assertCategoryRefineOptionSelectedAfterClickingOnTypeIcon -->
  <testcase name="stateLinksWorkingAtSaleByStatePage" time="0.0" classname="com.trader.scripts.AdvancedSearchPage">
    <ignored/>
  </testcase> <!-- stateLinksWorkingAtSaleByStatePage -->
  <testcase name="findByStateLinkWorkingAndAssertResultPage" time="0.0" classname="com.trader.scripts.AdvancedSearchPage">
    <ignored/>
  </testcase> <!-- findByStateLinkWorkingAndAssertResultPage -->
  <testcase name="selectStateAndAssertListingCountAtResultPage" time="0.0" classname="com.trader.scripts.AdvancedSearchPage">
    <ignored/>
  </testcase> <!-- selectStateAndAssertListingCountAtResultPage -->
  <testcase name="assertByTypeAndByStateLinksAtSaleByMakePage" time="0.0" classname="com.trader.scripts.AdvancedSearchPage">
    <ignored/>
  </testcase> <!-- assertByTypeAndByStateLinksAtSaleByMakePage -->
  <testcase name="assertAllTypesAndBrowseAllIconAtSaleByTypePage" time="0.0" classname="com.trader.scripts.AdvancedSearchPage">
    <ignored/>
  </testcase> <!-- assertAllTypesAndBrowseAllIconAtSaleByTypePage -->
  <testcase name="assertCancelAndOpenButtonOnCallPopUp" time="0.0" classname="com.trader.scripts.AdvancedSearchPage">
    <ignored/>
  </testcase> <!-- assertCancelAndOpenButtonOnCallPopUp -->
  <testcase name="startOverLinkWorkingAndRemoveAppledFilter" time="0.0" classname="com.trader.scripts.AdvancedSearchPage">
    <ignored/>
  </testcase> <!-- startOverLinkWorkingAndRemoveAppledFilter -->
  <testcase name="clickOnAllTabsAndAssertResultPageAtListingResultPage" time="0.0" classname="com.trader.scripts.AdvancedSearchPage">
    <ignored/>
  </testcase> <!-- clickOnAllTabsAndAssertResultPageAtListingResultPage -->
  <testcase name="selectNewAndUsedOptionsAndAssertListingCountAtResultPage" time="0.0" classname="com.trader.scripts.AdvancedSearchPage">
    <ignored/>
  </testcase> <!-- selectNewAndUsedOptionsAndAssertListingCountAtResultPage -->
  <testcase name="assertAllMakeLinksAtSaleByMakePage" time="0.0" classname="com.trader.scripts.AdvancedSearchPage">
    <ignored/>
  </testcase> <!-- assertAllMakeLinksAtSaleByMakePage -->
  <testcase name="assertTopAndOtherTrimSectionAfterClickOnViewAllTrimButton" time="0.0" classname="com.trader.scripts.AdvancedSearchPage">
    <ignored/>
  </testcase> <!-- assertTopAndOtherTrimSectionAfterClickOnViewAllTrimButton -->
  <testcase name="assertReportThisAdAtPrivateListingDetailsPage" time="0.0" classname="com.trader.scripts.AdvancedSearchPage">
    <ignored/>
  </testcase> <!-- assertReportThisAdAtPrivateListingDetailsPage -->
  <testcase name="assertViewNewAndUsedButtonAtMakesDetailsPage" time="0.0" classname="com.trader.scripts.AdvancedSearchPage">
    <ignored/>
  </testcase> <!-- assertViewNewAndUsedButtonAtMakesDetailsPage -->
  <testcase name="findByMakeLinkWorkingAndAssertResultPage" time="0.0" classname="com.trader.scripts.AdvancedSearchPage">
    <ignored/>
  </testcase> <!-- findByMakeLinkWorkingAndAssertResultPage -->
  <testcase name="assertResultPageAfterClickingOnAnyTypeLink" time="0.0" classname="com.trader.scripts.AdvancedSearchPage">
    <ignored/>
  </testcase> <!-- assertResultPageAfterClickingOnAnyTypeLink -->
  <testcase name="assertGetQuoteMessageConfirmationText" time="0.0" classname="com.trader.scripts.AdvancedSearchPage">
    <ignored/>
  </testcase> <!-- assertGetQuoteMessageConfirmationText -->
  <testcase name="selectMakeOptionsAndAssertListingCountAtResultPage" time="0.0" classname="com.trader.scripts.AdvancedSearchPage">
    <ignored/>
  </testcase> <!-- selectMakeOptionsAndAssertListingCountAtResultPage -->
  <testcase name="assertCallButtonContainsPhoneNumberAtListingDetailsPage" time="0.0" classname="com.trader.scripts.AdvancedSearchPage">
    <ignored/>
  </testcase> <!-- assertCallButtonContainsPhoneNumberAtListingDetailsPage -->
  <testcase name="calculateEstimatePayment" time="0.0" classname="com.trader.scripts.AdvancedSearchPage">
    <ignored/>
  </testcase> <!-- calculateEstimatePayment -->
  <testcase name="assertReportThisAdPopUpAndInsertAllDetails" time="0.0" classname="com.trader.scripts.AdvancedSearchPage">
    <ignored/>
  </testcase> <!-- assertReportThisAdPopUpAndInsertAllDetails -->
  <testcase name="assertListingResultAfterClickingOnViewUsedButton" time="0.0" classname="com.trader.scripts.AdvancedSearchPage">
    <ignored/>
  </testcase> <!-- assertListingResultAfterClickingOnViewUsedButton -->
  <testcase name="assertGetQuoteButtonAtListingDetailsPage" time="0.0" classname="com.trader.scripts.AdvancedSearchPage">
    <ignored/>
  </testcase> <!-- assertGetQuoteButtonAtListingDetailsPage -->
  <testcase name="assertListingSavedAfterLoggedInAtListingDetailsPage" time="0.0" classname="com.trader.scripts.AdvancedSearchPage">
    <ignored/>
  </testcase> <!-- assertListingSavedAfterLoggedInAtListingDetailsPage -->
  <testcase name="savedButtonAfterSavedTheListingAtListingDetailsPage" time="0.0" classname="com.trader.scripts.AdvancedSearchPage">
    <ignored/>
  </testcase> <!-- savedButtonAfterSavedTheListingAtListingDetailsPage -->
  <testcase name="allStateLinksWorkingUnderFindByStateSection" time="0.0" classname="com.trader.scripts.AdvancedSearchPage">
    <ignored/>
  </testcase> <!-- allStateLinksWorkingUnderFindByStateSection -->
  <testcase name="assertByMakeAndByTypeLinksAtSaleByStatePage" time="0.0" classname="com.trader.scripts.AdvancedSearchPage">
    <ignored/>
  </testcase> <!-- assertByMakeAndByTypeLinksAtSaleByStatePage -->
  <testcase name="assertHideAllButtonUnderAllMakessection" time="0.0" classname="com.trader.scripts.AdvancedSearchPage">
    <ignored/>
  </testcase> <!-- assertHideAllButtonUnderAllMakessection -->
  <testcase name="findByMakeButtonRedirectionAndAssertResultPage" time="0.0" classname="com.trader.scripts.AdvancedSearchPage">
    <ignored/>
  </testcase> <!-- findByMakeButtonRedirectionAndAssertResultPage -->
  <testcase name="assertPlayBrochureChangedToPauseBrochureAfterClickingAtListingDetailsPage" time="0.0" classname="com.trader.scripts.AdvancedSearchPage">
    <ignored/>
  </testcase> <!-- assertPlayBrochureChangedToPauseBrochureAfterClickingAtListingDetailsPage -->
  <testcase name="assertDealerContactNumberOnGetQuotePopUp" time="0.0" classname="com.trader.scripts.AdvancedSearchPage">
    <ignored/>
  </testcase> <!-- assertDealerContactNumberOnGetQuotePopUp -->
  <testcase name="appliedFilterRemoveAfterClickingOnStartOverLink" time="0.0" classname="com.trader.scripts.AdvancedSearchPage">
    <ignored/>
  </testcase> <!-- appliedFilterRemoveAfterClickingOnStartOverLink -->
  <testcase name="assertAdvancedSearchButtonResultPage" time="0.0" classname="com.trader.scripts.AdvancedSearchPage">
    <ignored/>
  </testcase> <!-- assertAdvancedSearchButtonResultPage -->
  <testcase name="selectTypesOptionsAndAssertListingCountAtResultPage" time="0.0" classname="com.trader.scripts.AdvancedSearchPage">
    <ignored/>
  </testcase> <!-- selectTypesOptionsAndAssertListingCountAtResultPage -->
  <testcase name="assertContactSellerFormAtListingDetailsPage" time="0.0" classname="com.trader.scripts.AdvancedSearchPage">
    <ignored/>
  </testcase> <!-- assertContactSellerFormAtListingDetailsPage -->
  <testcase name="loanCalculatedatestimatePaymentPopUp" time="0.0" classname="com.trader.scripts.AdvancedSearchPage">
    <ignored/>
  </testcase> <!-- loanCalculatedatestimatePaymentPopUp -->
  <testcase name="assertMakesLinkSectionCollapseAfterClickOnViewAllButton" time="0.0" classname="com.trader.scripts.AdvancedSearchPage">
    <ignored/>
  </testcase> <!-- assertMakesLinkSectionCollapseAfterClickOnViewAllButton -->
  <testcase name="assertListingImageSectionAtListingDetailsPage" time="0.0" classname="com.trader.scripts.AdvancedSearchPage">
    <ignored/>
  </testcase> <!-- assertListingImageSectionAtListingDetailsPage -->
  <testcase name="findByTypeLinkWorkingAndAssertResultPage" time="0.0" classname="com.trader.scripts.AdvancedSearchPage">
    <ignored/>
  </testcase> <!-- findByTypeLinkWorkingAndAssertResultPage -->
  <testcase name="selectSellerTypeOptionsAndAssertListingCountAtResultPage" time="0.0" classname="com.trader.scripts.AdvancedSearchPage">
    <ignored/>
  </testcase> <!-- selectSellerTypeOptionsAndAssertListingCountAtResultPage -->
  <testcase name="assertGetQuotePopUpAfterClickingOnGetQuoteButton" time="0.0" classname="com.trader.scripts.AdvancedSearchPage">
    <ignored/>
  </testcase> <!-- assertGetQuotePopUpAfterClickingOnGetQuoteButton -->
  <testcase name="assertAdvancedSearchButtonAtSaleByStatePage" time="0.0" classname="com.trader.scripts.AdvancedSearchPage">
    <ignored/>
  </testcase> <!-- assertAdvancedSearchButtonAtSaleByStatePage -->
  <testcase name="autoSuggestionDropDownForKeywordOption" time="0.0" classname="com.trader.scripts.AdvancedSearchPage">
    <ignored/>
  </testcase> <!-- autoSuggestionDropDownForKeywordOption -->
  <testcase name="selectMileageOptionsAndAssertListingCountAtResultPage" time="0.0" classname="com.trader.scripts.AdvancedSearchPage">
    <ignored/>
  </testcase> <!-- selectMileageOptionsAndAssertListingCountAtResultPage -->
  <testcase name="advancedSearchButtonRedirectionAndAssertResultPage" time="0.0" classname="com.trader.scripts.AdvancedSearchPage">
    <ignored/>
  </testcase> <!-- advancedSearchButtonRedirectionAndAssertResultPage -->
  <testcase name="assertMoreFromThisDealerRedirectToDealerListingPageAtListingDetailsPage" time="0.0" classname="com.trader.scripts.AdvancedSearchPage">
    <ignored/>
  </testcase> <!-- assertMoreFromThisDealerRedirectToDealerListingPageAtListingDetailsPage -->
  <testcase name="assertViewAllTrimButtonAtMakesDetailsPage" time="0.0" classname="com.trader.scripts.AdvancedSearchPage">
    <ignored/>
  </testcase> <!-- assertViewAllTrimButtonAtMakesDetailsPage -->
  <testcase name="assertContactSellerSectionAfterClickingOnEmailAtListingDetailsPage" time="0.0" classname="com.trader.scripts.AdvancedSearchPage">
    <ignored/>
  </testcase> <!-- assertContactSellerSectionAfterClickingOnEmailAtListingDetailsPage -->
  <testcase name="selectPriceOptionsAndAssertListingCountAtResultPage" time="0.0" classname="com.trader.scripts.AdvancedSearchPage">
    <ignored/>
  </testcase> <!-- selectPriceOptionsAndAssertListingCountAtResultPage -->
  <testcase name="assertByMakeAndByStateLinkAtSalebyTypePage" time="0.0" classname="com.trader.scripts.AdvancedSearchPage">
    <ignored/>
  </testcase> <!-- assertByMakeAndByStateLinkAtSalebyTypePage -->
  <testcase name="assertAllTabsBelowDealerAddressAtListingDetailsPage" time="0.0" classname="com.trader.scripts.AdvancedSearchPage">
    <ignored/>
  </testcase> <!-- assertAllTabsBelowDealerAddressAtListingDetailsPage -->
  <testcase name="advancedSearchButtonWorkingAtSaleByStatePage" time="0.0" classname="com.trader.scripts.AdvancedSearchPage">
    <ignored/>
  </testcase> <!-- advancedSearchButtonWorkingAtSaleByStatePage -->
  <testcase name="selectEngineSizeAndAssertListingCountAtResultPage" time="0.0" classname="com.trader.scripts.AdvancedSearchPage">
    <ignored/>
  </testcase> <!-- selectEngineSizeAndAssertListingCountAtResultPage -->
  <testcase name="allTypeLinksWorkingUnderFindByTypeSection" time="0.0" classname="com.trader.scripts.AdvancedSearchPage">
    <ignored/>
  </testcase> <!-- allTypeLinksWorkingUnderFindByTypeSection -->
  <testcase name="assertWarrantyTaglineAtListingDetailsPage" time="0.0" classname="com.trader.scripts.AdvancedSearchPage">
    <ignored/>
  </testcase> <!-- assertWarrantyTaglineAtListingDetailsPage -->
</testsuite> <!-- Default test -->
