<?xml version="1.0" encoding="UTF-8"?>
<!-- Generated by org.testng.reporters.JUnitXMLReporter -->
<testsuite hostname="360NDCPC024" ignored="0" name="Default test" tests="5" failures="0" timestamp="24 Dec 2018 11:28:28 GMT" time="231.296" errors="0">
  <testcase name="assertButtonOnSellYourMotorcycle" time="46.261" classname="com.trader.scripts.PostListingPage"/>
  <testcase name="assertButtonsIcon" time="19.018" classname="com.trader.scripts.PostListingPage"/>
  <testcase name="assertTestimonialsectionwithTestimonials" time="46.142" classname="com.trader.scripts.PostListingPage"/>
  <testcase name="clickonReadMoreCustomerReviewsUnderTestimonialsSection" time="58.288" classname="com.trader.scripts.PostListingPage"/>
  <testcase name="clickonSellYourMotorcycleAndAssertSellYourMotorcycle" time="41.012" classname="com.trader.scripts.PostListingPage"/>
</testsuite> <!-- Default test -->
